>>> make pytest
  ● Executing pytest in collection..
============================= test session starts ==============================
platform linux -- Python 3.12.12, pytest-9.0.2, pluggy-1.6.0 -- /home/runner/work/ansible-provision/ansible-provision/main/.venv-package/bin/python3
cachedir: .pytest_cache
Using --randomly-seed=3898880487
ansible: 2.20.3
rootdir: /home/runner/work/ansible-provision/ansible-provision/main
configfile: setup.cfg
plugins: ansible-26.1.0, randomly-4.0.1, plus-0.8.1, sugar-1.1.1, cov-7.0.0, clarity-1.0.1, xdist-3.8.0, sphinx-0.7.1, mypy-1.0.1
created: 4/4 workers
4 workers [1 item]

scheduling tests via LoadScheduling

collection/tests/integration/test_default.py::test_default[collection-overview] 
[gw0] [100%] PASSED collection/tests/integration/test_default.py::test_default[collection-overview] 

================================ tests coverage ================================
_______________ coverage: platform linux, python 3.12.12-final-0 _______________

Name                                           Stmts   Miss  Cover
------------------------------------------------------------------
collection/__init__.py                             0      0   100%
collection/plugins/__init__.py                     0      0   100%
collection/plugins/action/__init__.py              0      0   100%
collection/plugins/action/account.py              23      0   100%
collection/plugins/action/group.py                10      0   100%
collection/plugins/action/install.py              19      0   100%
collection/plugins/action/libvirt.py              15      0   100%
collection/plugins/action/network.py              18      0   100%
collection/plugins/action/params.py               33      0   100%
collection/plugins/action/proxmox.py              20      0   100%
collection/plugins/action/storage.py              21      0   100%
collection/plugins/filter/__init__.py              0      0   100%
collection/plugins/filter/proxmox.py              34     28    18%
collection/plugins/modules/__init__.py             0      0   100%
collection/plugins/modules/mountiso.py             9      0   100%
collection/tests/__init__.py                       0      0   100%
collection/tests/integration/__init__.py           2      0   100%
collection/tests/integration/test_default.py      15      0   100%
------------------------------------------------------------------
TOTAL                                            219     28    87%
============================== 1 passed in 49.72s ==============================
    DONE
  ● Write coveragepy output to htmlcov..
    DONE
  ● Write coveragepy output to coverage.json..
    DONE
