>>> make pytest
  ● Executing pytest in collection..
============================= test session starts ==============================
platform linux -- Python 3.12.14, pytest-9.1.1, pluggy-1.6.0 -- /home/runner/work/ansible-provision/ansible-provision/main/.venv-package/bin/python3
cachedir: .pytest_cache
Using --randomly-seed=2806604786
ansible: 2.21.3
rootdir: /home/runner/work/ansible-provision/ansible-provision/main
configfile: setup.cfg
plugins: randomly-4.1.0, ansible-26.8.0, cov-7.1.0, mypy-1.0.1, clarity-1.0.1, sphinx-0.7.1, xdist-3.8.0
created: 4/4 workers
4 workers [1 item]

scheduling tests via LoadScheduling

collection/tests/integration/test_default.py::test_default[collection-overview] 
[gw0] [100%] PASSED collection/tests/integration/test_default.py::test_default[collection-overview] 

=============================== warnings summary ===============================
.venv-package/lib/python3.12/site-packages/pytest_ansible/plugin.py:432
.venv-package/lib/python3.12/site-packages/pytest_ansible/plugin.py:432
.venv-package/lib/python3.12/site-packages/pytest_ansible/plugin.py:432
.venv-package/lib/python3.12/site-packages/pytest_ansible/plugin.py:432
  /home/runner/work/ansible-provision/ansible-provision/main/.venv-package/lib/python3.12/site-packages/pytest_ansible/plugin.py:432: DeprecationWarning: Running Molecule scenarios via pytest-ansible is deprecated and will be removed in a future release. Use the Molecule CLI instead (`molecule test --all`, optionally with `--workers` when using shared_state). For collections, prefer tox-ansible's molecule test type. See the pytest-ansible documentation for migration details.
    warn_molecule_deprecated()

-- Docs: https://docs.pytest.org/en/stable/how-to/capture-warnings.html
================================ tests coverage ================================
_______________ coverage: platform linux, python 3.12.14-final-0 _______________

Name                                           Stmts   Miss  Cover
------------------------------------------------------------------
collection/__init__.py                             0      0   100%
collection/plugins/__init__.py                     0      0   100%
collection/plugins/action/__init__.py              0      0   100%
collection/plugins/action/account.py              23      0   100%
collection/plugins/action/group.py                10      0   100%
collection/plugins/action/install.py              19      0   100%
collection/plugins/action/libvirt.py              15      0   100%
collection/plugins/action/network.py              18      0   100%
collection/plugins/action/params.py               33      0   100%
collection/plugins/action/proxmox.py              20      0   100%
collection/plugins/action/storage.py              21      0   100%
collection/plugins/filter/__init__.py              0      0   100%
collection/plugins/filter/proxmox.py              34     28    18%
collection/plugins/modules/__init__.py             0      0   100%
collection/plugins/modules/mountiso.py             9      0   100%
collection/tests/__init__.py                       0      0   100%
collection/tests/integration/__init__.py           2      0   100%
collection/tests/integration/test_default.py      15      0   100%
------------------------------------------------------------------
TOTAL                                            219     28    87%
=================== 1 passed, 4 warnings in 67.25s (0:01:07) ===================
    DONE
  ● Write coveragepy output to htmlcov..
    DONE
  ● Write coveragepy output to coverage.json..
    DONE
